<?xml version="1.0" encoding="UTF-8"?>
<testng-results ignored="0" total="1" passed="1" failed="0" skipped="0">
  <reporter-output>
  </reporter-output>
  <suite started-at="2022-05-31T19:57:48 IST" name="Default suite" finished-at="2022-05-31T19:57:58 IST" duration-ms="10645">
    <groups>
    </groups>
    <test started-at="2022-05-31T19:57:48 IST" name="Default test" finished-at="2022-05-31T19:57:58 IST" duration-ms="10645">
      <class name="TestClasses.kiteTest">
        <test-method is-config="true" signature="openBrowser()[pri:0, instance:TestClasses.kiteTest@50b472aa]" started-at="2022-05-31T19:57:48 IST" name="openBrowser" finished-at="2022-05-31T19:57:54 IST" duration-ms="6554" status="PASS">
          <reporter-output>
          </reporter-output>
        </test-method> <!-- openBrowser -->
        <test-method signature="loginToKiteApp()[pri:0, instance:TestClasses.kiteTest@50b472aa]" started-at="2022-05-31T19:57:54 IST" name="loginToKiteApp" finished-at="2022-05-31T19:57:58 IST" duration-ms="3989" status="PASS">
          <reporter-output>
          </reporter-output>
        </test-method> <!-- loginToKiteApp -->
      </class> <!-- TestClasses.kiteTest -->
    </test> <!-- Default test -->
  </suite> <!-- Default suite -->
</testng-results>
